<?xml version="1.0" encoding="UTF-8"?>
<robot generator="Robot 3.2.2 (Python 3.8.5 on win32)" generated="20201003 11:03:52.575" rpa="false">
<suite id="s1" name="Office" source="C:\development\robot-scripts\autoprac\Tests\office.robot">
<test id="s1-t1" name="User should be able to register successfully">
<kw name="Begin Web Test" library="Common" type="setup">
<kw name="Open Browser" library="SeleniumLibrary">
<doc>Opens a new browser instance to the optional ``url``.</doc>
<arguments>
<arg>about:blank</arg>
<arg>${BROWSER}</arg>
</arguments>
<msg timestamp="20201003 11:03:52.827" level="INFO">Opening browser 'chrome' to base url 'about:blank'.</msg>
<status status="PASS" starttime="20201003 11:03:52.826" endtime="20201003 11:03:56.396"></status>
</kw>
<status status="PASS" starttime="20201003 11:03:52.826" endtime="20201003 11:03:56.396"></status>
</kw>
<kw name="Open &quot;Landing&quot; page" library="officeApp">
<kw name="&quot;Landing&quot; page open" library="LandingPage">
<kw name="Go To" library="SeleniumLibrary">
<doc>Navigates the current browser window to the provided ``url``.</doc>
<arguments>
<arg>${URL}</arg>
</arguments>
<msg timestamp="20201003 11:03:56.400" level="INFO">Opening url 'http://automationpractice.com/index.php'</msg>
<status status="PASS" starttime="20201003 11:03:56.399" endtime="20201003 11:04:04.093"></status>
</kw>
<kw name="Wait Until Page Contains" library="SeleniumLibrary">
<doc>Waits until ``text`` appears on the current page.</doc>
<arguments>
<arg>0123-456-789</arg>
</arguments>
<status status="PASS" starttime="20201003 11:04:04.095" endtime="20201003 11:04:04.118"></status>
</kw>
<status status="PASS" starttime="20201003 11:03:56.399" endtime="20201003 11:04:04.119"></status>
</kw>
<status status="PASS" starttime="20201003 11:03:56.398" endtime="20201003 11:04:04.119"></status>
</kw>
<kw name="Open &quot;Sign In&quot; Page" library="officeApp">
<kw name="&quot;Sign In&quot; page open" library="TopNavBar">
<kw name="Click Element" library="SeleniumLibrary">
<doc>Click the element identified by ``locator``.</doc>
<arguments>
<arg>xpath=//a[@title='Log in to your customer account']</arg>
</arguments>
<msg timestamp="20201003 11:04:04.120" level="INFO">Clicking element 'xpath=//a[@title='Log in to your customer account']'.</msg>
<status status="PASS" starttime="20201003 11:04:04.120" endtime="20201003 11:04:06.115"></status>
</kw>
<kw name="Wait Until Page Contains" library="SeleniumLibrary">
<doc>Waits until ``text`` appears on the current page.</doc>
<arguments>
<arg>Authentication</arg>
</arguments>
<status status="PASS" starttime="20201003 11:04:06.115" endtime="20201003 11:04:06.888"></status>
</kw>
<status status="PASS" starttime="20201003 11:04:04.120" endtime="20201003 11:04:06.889"></status>
</kw>
<status status="PASS" starttime="20201003 11:04:04.119" endtime="20201003 11:04:06.889"></status>
</kw>
<kw name="Create New Account" library="officeApp">
<kw name="Enter email and click create account" library="SignInPage">
<kw name="Input Text" library="SeleniumLibrary">
<doc>Types the given ``text`` into the text field identified by ``locator``.</doc>
<arguments>
<arg>xpath=//input[@id='email_create']</arg>
<arg>${EMAIL}</arg>
</arguments>
<msg timestamp="20201003 11:04:06.891" level="INFO">Typing text 'decedo4399@meimanbet.com' into text field 'xpath=//input[@id='email_create']'.</msg>
<status status="PASS" starttime="20201003 11:04:06.891" endtime="20201003 11:04:07.080"></status>
</kw>
<kw name="Click Button" library="SeleniumLibrary">
<doc>Clicks the button identified by ``locator``.</doc>
<arguments>
<arg>xpath=//button[@id="SubmitCreate"]</arg>
</arguments>
<msg timestamp="20201003 11:04:07.080" level="INFO">Clicking button 'xpath=//button[@id="SubmitCreate"]'.</msg>
<status status="PASS" starttime="20201003 11:04:07.080" endtime="20201003 11:04:07.222"></status>
</kw>
<status status="PASS" starttime="20201003 11:04:06.890" endtime="20201003 11:04:07.223"></status>
</kw>
<status status="PASS" starttime="20201003 11:04:06.890" endtime="20201003 11:04:07.223"></status>
</kw>
<kw name="Validate Create Account Page" library="officeApp">
<kw name="Create Account Page Validate" library="SignInPage">
<kw name="Wait Until Page Contains" library="SeleniumLibrary">
<doc>Waits until ``text`` appears on the current page.</doc>
<arguments>
<arg>Your personal information</arg>
</arguments>
<status status="PASS" starttime="20201003 11:04:07.225" endtime="20201003 11:04:08.827"></status>
</kw>
<status status="PASS" starttime="20201003 11:04:07.224" endtime="20201003 11:04:08.827"></status>
</kw>
<status status="PASS" starttime="20201003 11:04:07.223" endtime="20201003 11:04:08.828"></status>
</kw>
<kw name="Enter personal info and register" library="officeApp">
<kw name="Enter Personal Info to register" library="SignInPage">
<kw name="Select Radio Button" library="SeleniumLibrary">
<doc>Sets the radio button group ``group_name`` to ``value``.</doc>
<arguments>
<arg>id_gender</arg>
<arg>1</arg>
</arguments>
<msg timestamp="20201003 11:04:08.831" level="INFO">Selecting '1' from radio button 'id_gender'.</msg>
<status status="PASS" starttime="20201003 11:04:08.830" endtime="20201003 11:04:08.969"></status>
</kw>
<kw name="Input Text" library="SeleniumLibrary">
<doc>Types the given ``text`` into the text field identified by ``locator``.</doc>
<arguments>
<arg>xpath=//input[@id='customer_firstname']</arg>
<arg>${FIRST_NAME}</arg>
</arguments>
<msg timestamp="20201003 11:04:08.970" level="INFO">Typing text 'Vikas' into text field 'xpath=//input[@id='customer_firstname']'.</msg>
<status status="PASS" starttime="20201003 11:04:08.969" endtime="20201003 11:04:09.126"></status>
</kw>
<kw name="Input Text" library="SeleniumLibrary">
<doc>Types the given ``text`` into the text field identified by ``locator``.</doc>
<arguments>
<arg>xpath=//input[@id='customer_lastname']</arg>
<arg>${LAST_NAME}</arg>
</arguments>
<msg timestamp="20201003 11:04:09.127" level="INFO">Typing text 'Kaushik' into text field 'xpath=//input[@id='customer_lastname']'.</msg>
<status status="PASS" starttime="20201003 11:04:09.126" endtime="20201003 11:04:09.350"></status>
</kw>
<kw name="Input Text" library="SeleniumLibrary">
<doc>Types the given ``text`` into the text field identified by ``locator``.</doc>
<arguments>
<arg>xpath=//input[@id='email']</arg>
<arg>${EMAIL}</arg>
</arguments>
<msg timestamp="20201003 11:04:09.351" level="INFO">Typing text 'decedo4399@meimanbet.com' into text field 'xpath=//input[@id='email']'.</msg>
<status status="PASS" starttime="20201003 11:04:09.351" endtime="20201003 11:04:09.571"></status>
</kw>
<kw name="Input Password" library="SeleniumLibrary">
<doc>Types the given password into the text field identified by ``locator``.</doc>
<arguments>
<arg>xpath=//input[@id='passwd']</arg>
<arg>${PASSWORD}</arg>
</arguments>
<msg timestamp="20201003 11:04:09.571" level="INFO">Typing password into text field 'xpath=//input[@id='passwd']'.</msg>
<msg timestamp="20201003 11:04:09.659" level="INFO">Temporally setting log level to: NONE</msg>
<msg timestamp="20201003 11:04:09.778" level="INFO">Log level changed from NONE to INFO.</msg>
<status status="PASS" starttime="20201003 11:04:09.571" endtime="20201003 11:04:09.778"></status>
</kw>
<kw name="Select From List By Value" library="SeleniumLibrary">
<doc>Selects options from selection list ``locator`` by ``values``.</doc>
<arguments>
<arg>xpath=//select[@id='days']</arg>
<arg>15</arg>
</arguments>
<msg timestamp="20201003 11:04:09.779" level="INFO">Selecting options from selection list 'xpath=//select[@id='days']' by value 15.</msg>
<status status="PASS" starttime="20201003 11:04:09.779" endtime="20201003 11:04:09.953"></status>
</kw>
<kw name="Select From List By Value" library="SeleniumLibrary">
<doc>Selects options from selection list ``locator`` by ``values``.</doc>
<arguments>
<arg>xpath=//select[@id='months']</arg>
<arg>8</arg>
</arguments>
<msg timestamp="20201003 11:04:09.954" level="INFO">Selecting options from selection list 'xpath=//select[@id='months']' by value 8.</msg>
<status status="PASS" starttime="20201003 11:04:09.953" endtime="20201003 11:04:10.102"></status>
</kw>
<kw name="Select From List By Value" library="SeleniumLibrary">
<doc>Selects options from selection list ``locator`` by ``values``.</doc>
<arguments>
<arg>xpath=//select[@id='years']</arg>
<arg>1992</arg>
</arguments>
<msg timestamp="20201003 11:04:10.103" level="INFO">Selecting options from selection list 'xpath=//select[@id='years']' by value 1992.</msg>
<status status="PASS" starttime="20201003 11:04:10.103" endtime="20201003 11:04:10.233"></status>
</kw>
<kw name="Select Checkbox" library="SeleniumLibrary">
<doc>Selects the checkbox identified by ``locator``.</doc>
<arguments>
<arg>xpath=//input[@id='newsletter']</arg>
</arguments>
<msg timestamp="20201003 11:04:10.233" level="INFO">Selecting checkbox 'xpath=//input[@id='newsletter']'.</msg>
<status status="PASS" starttime="20201003 11:04:10.233" endtime="20201003 11:04:10.333"></status>
</kw>
<kw name="Select Checkbox" library="SeleniumLibrary">
<doc>Selects the checkbox identified by ``locator``.</doc>
<arguments>
<arg>xpath=//input[@id='optin']</arg>
</arguments>
<msg timestamp="20201003 11:04:10.334" level="INFO">Selecting checkbox 'xpath=//input[@id='optin']'.</msg>
<status status="PASS" starttime="20201003 11:04:10.334" endtime="20201003 11:04:10.447"></status>
</kw>
<kw name="Input Text" library="SeleniumLibrary">
<doc>Types the given ``text`` into the text field identified by ``locator``.</doc>
<arguments>
<arg>xpath=//input[@id='address1']</arg>
<arg>${ADDRESS1}</arg>
</arguments>
<msg timestamp="20201003 11:04:10.448" level="INFO">Typing text 'Test Address Line 1' into text field 'xpath=//input[@id='address1']'.</msg>
<status status="PASS" starttime="20201003 11:04:10.447" endtime="20201003 11:04:10.617"></status>
</kw>
<kw name="Input Text" library="SeleniumLibrary">
<doc>Types the given ``text`` into the text field identified by ``locator``.</doc>
<arguments>
<arg>xpath=//input[@id='address2']</arg>
<arg>${ADDRESS2}</arg>
</arguments>
<msg timestamp="20201003 11:04:10.617" level="INFO">Typing text 'Test Address Line 2' into text field 'xpath=//input[@id='address2']'.</msg>
<status status="PASS" starttime="20201003 11:04:10.617" endtime="20201003 11:04:10.776"></status>
</kw>
<kw name="Input Text" library="SeleniumLibrary">
<doc>Types the given ``text`` into the text field identified by ``locator``.</doc>
<arguments>
<arg>xpath=//input[@id='city']</arg>
<arg>${CITY}</arg>
</arguments>
<msg timestamp="20201003 11:04:10.777" level="INFO">Typing text 'Anchorage' into text field 'xpath=//input[@id='city']'.</msg>
<status status="PASS" starttime="20201003 11:04:10.776" endtime="20201003 11:04:10.910"></status>
</kw>
<kw name="Select From List By Value" library="SeleniumLibrary">
<doc>Selects options from selection list ``locator`` by ``values``.</doc>
<arguments>
<arg>xpath=//select[@id='id_state']</arg>
<arg>${STATE}</arg>
</arguments>
<msg timestamp="20201003 11:04:10.911" level="INFO">Selecting options from selection list 'xpath=//select[@id='id_state']' by value 2.</msg>
<status status="PASS" starttime="20201003 11:04:10.910" endtime="20201003 11:04:11.030"></status>
</kw>
<kw name="Input Text" library="SeleniumLibrary">
<doc>Types the given ``text`` into the text field identified by ``locator``.</doc>
<arguments>
<arg>xpath=//input[@id='postcode']</arg>
<arg>${ZIPCODE}</arg>
</arguments>
<msg timestamp="20201003 11:04:11.031" level="INFO">Typing text '99501' into text field 'xpath=//input[@id='postcode']'.</msg>
<status status="PASS" starttime="20201003 11:04:11.031" endtime="20201003 11:04:11.176"></status>
</kw>
<kw name="Select From List By Value" library="SeleniumLibrary">
<doc>Selects options from selection list ``locator`` by ``values``.</doc>
<arguments>
<arg>xpath=//select[@id='id_country']</arg>
<arg>${COUNTRY}</arg>
</arguments>
<msg timestamp="20201003 11:04:11.177" level="INFO">Selecting options from selection list 'xpath=//select[@id='id_country']' by value 21.</msg>
<status status="PASS" starttime="20201003 11:04:11.176" endtime="20201003 11:04:11.254"></status>
</kw>
<kw name="Input Text" library="SeleniumLibrary">
<doc>Types the given ``text`` into the text field identified by ``locator``.</doc>
<arguments>
<arg>xpath=//textarea[@id='other']</arg>
<arg>${TEXT_INFO}</arg>
</arguments>
<msg timestamp="20201003 11:04:11.254" level="INFO">Typing text 'This is the text information' into text field 'xpath=//textarea[@id='other']'.</msg>
<status status="PASS" starttime="20201003 11:04:11.254" endtime="20201003 11:04:11.430"></status>
</kw>
<kw name="Input Text" library="SeleniumLibrary">
<doc>Types the given ``text`` into the text field identified by ``locator``.</doc>
<arguments>
<arg>xpath=//input[@id='phone_mobile']</arg>
<arg>${MOBILE}</arg>
</arguments>
<msg timestamp="20201003 11:04:11.431" level="INFO">Typing text '1234567891' into text field 'xpath=//input[@id='phone_mobile']'.</msg>
<status status="PASS" starttime="20201003 11:04:11.431" endtime="20201003 11:04:11.571"></status>
</kw>
<kw name="Input Text" library="SeleniumLibrary">
<doc>Types the given ``text`` into the text field identified by ``locator``.</doc>
<arguments>
<arg>xpath=//input[@id='alias']</arg>
<arg>${ADDRESS_ALIAS}</arg>
</arguments>
<msg timestamp="20201003 11:04:11.572" level="INFO">Typing text 'test address alias' into text field 'xpath=//input[@id='alias']'.</msg>
<status status="PASS" starttime="20201003 11:04:11.571" endtime="20201003 11:04:11.733"></status>
</kw>
<status status="PASS" starttime="20201003 11:04:08.830" endtime="20201003 11:04:11.734"></status>
</kw>
<kw name="Register" library="SignInPage">
<kw name="Click Button" library="SeleniumLibrary">
<doc>Clicks the button identified by ``locator``.</doc>
<arguments>
<arg>xpath=//button[@id="submitAccount"]</arg>
</arguments>
<msg timestamp="20201003 11:04:11.734" level="INFO">Clicking button 'xpath=//button[@id="submitAccount"]'.</msg>
<status status="PASS" starttime="20201003 11:04:11.734" endtime="20201003 11:04:14.273"></status>
</kw>
<status status="PASS" starttime="20201003 11:04:11.734" endtime="20201003 11:04:14.274"></status>
</kw>
<status status="PASS" starttime="20201003 11:04:08.829" endtime="20201003 11:04:14.274"></status>
</kw>
<kw name="End Web Test" library="Common" type="teardown">
<kw name="Close Browser" library="SeleniumLibrary">
<doc>Closes the current browser.</doc>
<status status="PASS" starttime="20201003 11:04:14.276" endtime="20201003 11:04:16.504"></status>
</kw>
<status status="PASS" starttime="20201003 11:04:14.275" endtime="20201003 11:04:16.505"></status>
</kw>
<status status="PASS" starttime="20201003 11:03:52.825" endtime="20201003 11:04:16.506" critical="yes"></status>
</test>
<test id="s1-t2" name="User should be able to Sign In">
<kw name="Begin Web Test" library="Common" type="setup">
<kw name="Open Browser" library="SeleniumLibrary">
<doc>Opens a new browser instance to the optional ``url``.</doc>
<arguments>
<arg>about:blank</arg>
<arg>${BROWSER}</arg>
</arguments>
<msg timestamp="20201003 11:04:16.513" level="INFO">Opening browser 'chrome' to base url 'about:blank'.</msg>
<status status="PASS" starttime="20201003 11:04:16.513" endtime="20201003 11:04:19.992"></status>
</kw>
<status status="PASS" starttime="20201003 11:04:16.512" endtime="20201003 11:04:19.993"></status>
</kw>
<kw name="Open &quot;Landing&quot; page" library="officeApp">
<kw name="&quot;Landing&quot; page open" library="LandingPage">
<kw name="Go To" library="SeleniumLibrary">
<doc>Navigates the current browser window to the provided ``url``.</doc>
<arguments>
<arg>${URL}</arg>
</arguments>
<msg timestamp="20201003 11:04:19.994" level="INFO">Opening url 'http://automationpractice.com/index.php'</msg>
<status status="PASS" starttime="20201003 11:04:19.994" endtime="20201003 11:04:29.093"></status>
</kw>
<kw name="Wait Until Page Contains" library="SeleniumLibrary">
<doc>Waits until ``text`` appears on the current page.</doc>
<arguments>
<arg>0123-456-789</arg>
</arguments>
<status status="PASS" starttime="20201003 11:04:29.093" endtime="20201003 11:04:29.115"></status>
</kw>
<status status="PASS" starttime="20201003 11:04:19.994" endtime="20201003 11:04:29.115"></status>
</kw>
<status status="PASS" starttime="20201003 11:04:19.993" endtime="20201003 11:04:29.115"></status>
</kw>
<kw name="Open &quot;Sign In&quot; Page" library="officeApp">
<kw name="&quot;Sign In&quot; page open" library="TopNavBar">
<kw name="Click Element" library="SeleniumLibrary">
<doc>Click the element identified by ``locator``.</doc>
<arguments>
<arg>xpath=//a[@title='Log in to your customer account']</arg>
</arguments>
<msg timestamp="20201003 11:04:29.115" level="INFO">Clicking element 'xpath=//a[@title='Log in to your customer account']'.</msg>
<status status="PASS" starttime="20201003 11:04:29.115" endtime="20201003 11:04:31.175"></status>
</kw>
<kw name="Wait Until Page Contains" library="SeleniumLibrary">
<doc>Waits until ``text`` appears on the current page.</doc>
<arguments>
<arg>Authentication</arg>
</arguments>
<status status="PASS" starttime="20201003 11:04:31.176" endtime="20201003 11:04:32.280"></status>
</kw>
<status status="PASS" starttime="20201003 11:04:29.115" endtime="20201003 11:04:32.280"></status>
</kw>
<status status="PASS" starttime="20201003 11:04:29.115" endtime="20201003 11:04:32.280"></status>
</kw>
<kw name="SignIn to existing account" library="officeApp">
<kw name="Enter credentials to Sign In" library="SignInPage">
<kw name="Input Text" library="SeleniumLibrary">
<doc>Types the given ``text`` into the text field identified by ``locator``.</doc>
<arguments>
<arg>xpath=//input[@id='email']</arg>
<arg>${LOGIN_ID}</arg>
</arguments>
<msg timestamp="20201003 11:04:32.280" level="INFO">Typing text 'decedo4199@meimanbet.com' into text field 'xpath=//input[@id='email']'.</msg>
<status status="PASS" starttime="20201003 11:04:32.280" endtime="20201003 11:04:32.483"></status>
</kw>
<kw name="Input Password" library="SeleniumLibrary">
<doc>Types the given password into the text field identified by ``locator``.</doc>
<arguments>
<arg>xpath=//input[@id='passwd']</arg>
<arg>${PASSWORD}</arg>
</arguments>
<msg timestamp="20201003 11:04:32.483" level="INFO">Typing password into text field 'xpath=//input[@id='passwd']'.</msg>
<msg timestamp="20201003 11:04:32.572" level="INFO">Temporally setting log level to: NONE</msg>
<msg timestamp="20201003 11:04:32.692" level="INFO">Log level changed from NONE to INFO.</msg>
<status status="PASS" starttime="20201003 11:04:32.483" endtime="20201003 11:04:32.692"></status>
</kw>
<status status="PASS" starttime="20201003 11:04:32.280" endtime="20201003 11:04:32.692"></status>
</kw>
<kw name="Sign In" library="SignInPage">
<kw name="Click Button" library="SeleniumLibrary">
<doc>Clicks the button identified by ``locator``.</doc>
<arguments>
<arg>xpath=//button[@id="SubmitLogin"]</arg>
</arguments>
<msg timestamp="20201003 11:04:32.693" level="INFO">Clicking button 'xpath=//button[@id="SubmitLogin"]'.</msg>
<status status="PASS" starttime="20201003 11:04:32.693" endtime="20201003 11:04:35.277"></status>
</kw>
<status status="PASS" starttime="20201003 11:04:32.693" endtime="20201003 11:04:35.277"></status>
</kw>
<status status="PASS" starttime="20201003 11:04:32.280" endtime="20201003 11:04:35.278"></status>
</kw>
<kw name="End Web Test" library="Common" type="teardown">
<kw name="Close Browser" library="SeleniumLibrary">
<doc>Closes the current browser.</doc>
<status status="PASS" starttime="20201003 11:04:35.279" endtime="20201003 11:04:37.527"></status>
</kw>
<status status="PASS" starttime="20201003 11:04:35.278" endtime="20201003 11:04:37.527"></status>
</kw>
<status status="PASS" starttime="20201003 11:04:16.511" endtime="20201003 11:04:37.528" critical="yes"></status>
</test>
<test id="s1-t3" name="User should be able to shop from MyAccount">
<kw name="Begin Web Test" library="Common" type="setup">
<kw name="Open Browser" library="SeleniumLibrary">
<doc>Opens a new browser instance to the optional ``url``.</doc>
<arguments>
<arg>about:blank</arg>
<arg>${BROWSER}</arg>
</arguments>
<msg timestamp="20201003 11:04:37.534" level="INFO">Opening browser 'chrome' to base url 'about:blank'.</msg>
<status status="PASS" starttime="20201003 11:04:37.534" endtime="20201003 11:04:41.126"></status>
</kw>
<status status="PASS" starttime="20201003 11:04:37.534" endtime="20201003 11:04:41.126"></status>
</kw>
<kw name="Open &quot;Landing&quot; page" library="officeApp">
<kw name="&quot;Landing&quot; page open" library="LandingPage">
<kw name="Go To" library="SeleniumLibrary">
<doc>Navigates the current browser window to the provided ``url``.</doc>
<arguments>
<arg>${URL}</arg>
</arguments>
<msg timestamp="20201003 11:04:41.129" level="INFO">Opening url 'http://automationpractice.com/index.php'</msg>
<status status="PASS" starttime="20201003 11:04:41.129" endtime="20201003 11:04:50.014"></status>
</kw>
<kw name="Wait Until Page Contains" library="SeleniumLibrary">
<doc>Waits until ``text`` appears on the current page.</doc>
<arguments>
<arg>0123-456-789</arg>
</arguments>
<status status="PASS" starttime="20201003 11:04:50.015" endtime="20201003 11:04:50.040"></status>
</kw>
<status status="PASS" starttime="20201003 11:04:41.128" endtime="20201003 11:04:50.040"></status>
</kw>
<status status="PASS" starttime="20201003 11:04:41.127" endtime="20201003 11:04:50.040"></status>
</kw>
<kw name="Open &quot;Sign In&quot; Page" library="officeApp">
<kw name="&quot;Sign In&quot; page open" library="TopNavBar">
<kw name="Click Element" library="SeleniumLibrary">
<doc>Click the element identified by ``locator``.</doc>
<arguments>
<arg>xpath=//a[@title='Log in to your customer account']</arg>
</arguments>
<msg timestamp="20201003 11:04:50.041" level="INFO">Clicking element 'xpath=//a[@title='Log in to your customer account']'.</msg>
<status status="PASS" starttime="20201003 11:04:50.041" endtime="20201003 11:04:52.220"></status>
</kw>
<kw name="Wait Until Page Contains" library="SeleniumLibrary">
<doc>Waits until ``text`` appears on the current page.</doc>
<arguments>
<arg>Authentication</arg>
</arguments>
<status status="PASS" starttime="20201003 11:04:52.220" endtime="20201003 11:04:53.333"></status>
</kw>
<status status="PASS" starttime="20201003 11:04:50.041" endtime="20201003 11:04:53.333"></status>
</kw>
<status status="PASS" starttime="20201003 11:04:50.041" endtime="20201003 11:04:53.333"></status>
</kw>
<kw name="SignIn to existing account" library="officeApp">
<kw name="Enter credentials to Sign In" library="SignInPage">
<kw name="Input Text" library="SeleniumLibrary">
<doc>Types the given ``text`` into the text field identified by ``locator``.</doc>
<arguments>
<arg>xpath=//input[@id='email']</arg>
<arg>${LOGIN_ID}</arg>
</arguments>
<msg timestamp="20201003 11:04:53.334" level="INFO">Typing text 'decedo4199@meimanbet.com' into text field 'xpath=//input[@id='email']'.</msg>
<status status="PASS" starttime="20201003 11:04:53.334" endtime="20201003 11:04:53.538"></status>
</kw>
<kw name="Input Password" library="SeleniumLibrary">
<doc>Types the given password into the text field identified by ``locator``.</doc>
<arguments>
<arg>xpath=//input[@id='passwd']</arg>
<arg>${PASSWORD}</arg>
</arguments>
<msg timestamp="20201003 11:04:53.539" level="INFO">Typing password into text field 'xpath=//input[@id='passwd']'.</msg>
<msg timestamp="20201003 11:04:53.625" level="INFO">Temporally setting log level to: NONE</msg>
<msg timestamp="20201003 11:04:53.734" level="INFO">Log level changed from NONE to INFO.</msg>
<status status="PASS" starttime="20201003 11:04:53.538" endtime="20201003 11:04:53.734"></status>
</kw>
<status status="PASS" starttime="20201003 11:04:53.334" endtime="20201003 11:04:53.734"></status>
</kw>
<kw name="Sign In" library="SignInPage">
<kw name="Click Button" library="SeleniumLibrary">
<doc>Clicks the button identified by ``locator``.</doc>
<arguments>
<arg>xpath=//button[@id="SubmitLogin"]</arg>
</arguments>
<msg timestamp="20201003 11:04:53.734" level="INFO">Clicking button 'xpath=//button[@id="SubmitLogin"]'.</msg>
<status status="PASS" starttime="20201003 11:04:53.734" endtime="20201003 11:04:56.330"></status>
</kw>
<status status="PASS" starttime="20201003 11:04:53.734" endtime="20201003 11:04:56.330"></status>
</kw>
<status status="PASS" starttime="20201003 11:04:53.333" endtime="20201003 11:04:56.330"></status>
</kw>
<kw name="Buy Printed Dress" library="officeApp">
<kw name="Go to &quot;Casual dresses&quot;" library="MyAccountPage">
<kw name="Mouse Over" library="SeleniumLibrary">
<doc>Simulates hovering the mouse over the element ``locator``.</doc>
<arguments>
<arg>xpath=//li/a[@title='Women']</arg>
</arguments>
<msg timestamp="20201003 11:04:56.332" level="INFO">Simulating Mouse Over on element 'xpath=//li/a[@title='Women']'.</msg>
<status status="PASS" starttime="20201003 11:04:56.332" endtime="20201003 11:04:56.753"></status>
</kw>
<kw name="Wait Until Page Contains Element" library="SeleniumLibrary">
<doc>Waits until the element ``locator`` appears on the current page.</doc>
<arguments>
<arg>xpath=//li/a[@title='Casual Dresses']</arg>
</arguments>
<status status="PASS" starttime="20201003 11:04:56.753" endtime="20201003 11:04:56.778"></status>
</kw>
<kw name="Click Element" library="SeleniumLibrary">
<doc>Click the element identified by ``locator``.</doc>
<arguments>
<arg>xpath=//li/a[@title='Casual Dresses']</arg>
</arguments>
<msg timestamp="20201003 11:04:56.778" level="INFO">Clicking element 'xpath=//li/a[@title='Casual Dresses']'.</msg>
<status status="PASS" starttime="20201003 11:04:56.778" endtime="20201003 11:05:00.714"></status>
</kw>
<status status="PASS" starttime="20201003 11:04:56.331" endtime="20201003 11:05:00.714"></status>
</kw>
<kw name="Add to cart &quot;Printed Dress&quot;" library="MyAccountPage">
<kw name="Mouse Over" library="SeleniumLibrary">
<doc>Simulates hovering the mouse over the element ``locator``.</doc>
<arguments>
<arg>xpath=//a[@title='Printed Dress']</arg>
</arguments>
<msg timestamp="20201003 11:05:00.719" level="INFO">Simulating Mouse Over on element 'xpath=//a[@title='Printed Dress']'.</msg>
<status status="PASS" starttime="20201003 11:05:00.714" endtime="20201003 11:05:01.052"></status>
</kw>
<kw name="Click Element" library="SeleniumLibrary">
<doc>Click the element identified by ``locator``.</doc>
<arguments>
<arg>xpath=//a[@title='Add to cart']</arg>
</arguments>
<msg timestamp="20201003 11:05:01.052" level="INFO">Clicking element 'xpath=//a[@title='Add to cart']'.</msg>
<status status="PASS" starttime="20201003 11:05:01.052" endtime="20201003 11:05:01.188"></status>
</kw>
<kw name="Wait Until Page Contains Element" library="SeleniumLibrary">
<doc>Waits until the element ``locator`` appears on the current page.</doc>
<arguments>
<arg>xpath=//div[@class="clearfix"]</arg>
</arguments>
<status status="PASS" starttime="20201003 11:05:01.188" endtime="20201003 11:05:01.207"></status>
</kw>
<status status="PASS" starttime="20201003 11:05:00.714" endtime="20201003 11:05:01.208"></status>
</kw>
<kw name="Checkout and pay" library="MyAccountPage">
<kw name="Mouse Over" library="SeleniumLibrary">
<doc>Simulates hovering the mouse over the element ``locator``.</doc>
<arguments>
<arg>xpath=//a[@class="btn btn-default button button-medium"]</arg>
</arguments>
<msg timestamp="20201003 11:05:01.208" level="INFO">Simulating Mouse Over on element 'xpath=//a[@class="btn btn-default button button-medium"]'.</msg>
<kw name="Capture Page Screenshot" library="SeleniumLibrary">
<doc>Takes a screenshot of the current page and embeds it into a log file.</doc>
<msg timestamp="20201003 11:05:01.655" level="INFO" html="yes">&lt;/td&gt;&lt;/tr&gt;&lt;tr&gt;&lt;td colspan="3"&gt;&lt;a href="selenium-screenshot-1.png"&gt;&lt;img src="selenium-screenshot-1.png" width="800px"&gt;&lt;/a&gt;</msg>
<status status="PASS" starttime="20201003 11:05:01.244" endtime="20201003 11:05:01.656"></status>
</kw>
<msg timestamp="20201003 11:05:01.656" level="FAIL">JavascriptException: Message: javascript error: Failed to execute 'elementsFromPoint' on 'Document': The provided double value is non-finite.
  (Session info: chrome=85.0.4183.121)
</msg>
<status status="FAIL" starttime="20201003 11:05:01.208" endtime="20201003 11:05:01.656"></status>
</kw>
<status status="FAIL" starttime="20201003 11:05:01.208" endtime="20201003 11:05:01.656"></status>
</kw>
<status status="FAIL" starttime="20201003 11:04:56.331" endtime="20201003 11:05:01.656"></status>
</kw>
<kw name="End Web Test" library="Common" type="teardown">
<kw name="Close Browser" library="SeleniumLibrary">
<doc>Closes the current browser.</doc>
<status status="PASS" starttime="20201003 11:05:01.664" endtime="20201003 11:05:03.888"></status>
</kw>
<status status="PASS" starttime="20201003 11:05:01.656" endtime="20201003 11:05:03.889"></status>
</kw>
<status status="FAIL" starttime="20201003 11:04:37.533" endtime="20201003 11:05:03.890" critical="yes">JavascriptException: Message: javascript error: Failed to execute 'elementsFromPoint' on 'Document': The provided double value is non-finite.
  (Session info: chrome=85.0.4183.121)
</status>
</test>
<status status="FAIL" starttime="20201003 11:03:52.577" endtime="20201003 11:05:03.897"></status>
</suite>
<statistics>
<total>
<stat pass="2" fail="1">Critical Tests</stat>
<stat pass="2" fail="1">All Tests</stat>
</total>
<tag>
</tag>
<suite>
<stat pass="2" fail="1" id="s1" name="Office">Office</stat>
</suite>
</statistics>
<errors>
</errors>
</robot>
